<?xml version="1.0" encoding="UTF-8"?>
<testng-results ignored="0" total="1" passed="1" failed="0" skipped="0">
  <reporter-output>
  </reporter-output>
  <suite started-at="2021-07-01T22:13:50Z" name="default" finished-at="2021-07-01T22:14:00Z" duration-ms="9128">
    <groups>
    </groups>
    <test started-at="2021-07-01T22:13:50Z" name="HorseValidation" finished-at="2021-07-01T22:14:00Z" duration-ms="9128">
      <class name="com.atg.tests.HorsePageTest">
        <test-method is-config="true" signature="setUp()[pri:0, instance:com.atg.tests.HorsePageTest@701fc37a]" started-at="2021-07-01T22:13:51Z" name="setUp" finished-at="2021-07-01T22:13:56Z" duration-ms="5435" status="PASS">
          <reporter-output>
          </reporter-output>
        </test-method> <!-- setUp -->
        <test-method signature="horseTest()[pri:1, instance:com.atg.tests.HorsePageTest@701fc37a]" started-at="2021-07-01T22:13:56Z" name="horseTest" finished-at="2021-07-01T22:13:59Z" duration-ms="3553" status="PASS">
          <reporter-output>
          </reporter-output>
        </test-method> <!-- horseTest -->
        <test-method is-config="true" signature="teardown()[pri:0, instance:com.atg.tests.HorsePageTest@701fc37a]" started-at="2021-07-01T22:13:59Z" name="teardown" finished-at="2021-07-01T22:14:00Z" duration-ms="127" status="PASS">
          <reporter-output>
          </reporter-output>
        </test-method> <!-- teardown -->
      </class> <!-- com.atg.tests.HorsePageTest -->
    </test> <!-- HorseValidation -->
  </suite> <!-- default -->
</testng-results>
