<?xml version="1.0" encoding="UTF-8"?>
<testsuite xmlns:xsi="http://www.w3.org/2001/XMLSchema-instance" xsi:noNamespaceSchemaLocation="https://maven.apache.org/surefire/maven-surefire-plugin/xsd/surefire-test-report-3.0.xsd" version="3.0" name="TestSuite" time="8.32" tests="1" errors="0" skipped="0" failures="0">
  <properties>
[...]
</properties>
  <testcase name="horseTest" classname="com.atg.tests.HorsePageTest" time="2.579">
    <system-err><![CDATA[Starting ChromeDriver 90.0.4430.24 (4c6d850f087da467d926e8eddb76550aed655991-refs/branch-heads/4430@{#429}) on port 33730
Only local connections are allowed.
Please see https://chromedriver.chromium.o[rg/1s6e2cu5r1i5t7y5-6c3o.n9s6i6d]e[rWatAiRoNnIsN Gf]or :s uFgrgeosmtiSoonsc konA dkedepri nfg aChirlomeedD roinv enre tsamfaes.k

[16C2h5r1o5m75e6D3r.i9v6er6 ]wa[sW sAtRaNrIteNd Gsu]c:c eFrssofmulSloy.c
kAddr failed on netmask
[1625157565.662][WARNING]: This version of ChromeDriver has not been tested with Chrome version 91.
Jul 01, 2021 6:39:25 PM org.openqa.selenium.remote.ProtocolHandshake createSession
INFO: Detected dialect: W3C
]]></system-err>
  </testcase>
</testsuite>