<?xml version="1.0" encoding="UTF-8"?>
<testng-results ignored="0" total="1" passed="1" failed="0" skipped="0">
  <reporter-output>
  </reporter-output>
  <suite started-at="2021-07-01T16:39:23Z" name="default" finished-at="2021-07-01T16:39:31Z" duration-ms="8057">
    <groups>
    </groups>
    <test started-at="2021-07-01T16:39:23Z" name="HorseValidation" finished-at="2021-07-01T16:39:31Z" duration-ms="8057">
      <class name="com.atg.tests.HorsePageTest">
        <test-method is-config="true" signature="setUp()[pri:0, instance:com.atg.tests.HorsePageTest@701fc37a]" started-at="2021-07-01T16:39:23Z" name="setUp" finished-at="2021-07-01T16:39:28Z" duration-ms="5309" status="PASS">
          <reporter-output>
          </reporter-output>
        </test-method> <!-- setUp -->
        <test-method signature="horseTest()[pri:1, instance:com.atg.tests.HorsePageTest@701fc37a]" started-at="2021-07-01T16:39:28Z" name="horseTest" finished-at="2021-07-01T16:39:31Z" duration-ms="2595" status="PASS">
          <reporter-output>
          </reporter-output>
        </test-method> <!-- horseTest -->
        <test-method is-config="true" signature="teardown()[pri:0, instance:com.atg.tests.HorsePageTest@701fc37a]" started-at="2021-07-01T16:39:31Z" name="teardown" finished-at="2021-07-01T16:39:31Z" duration-ms="139" status="PASS">
          <reporter-output>
          </reporter-output>
        </test-method> <!-- teardown -->
      </class> <!-- com.atg.tests.HorsePageTest -->
    </test> <!-- HorseValidation -->
  </suite> <!-- default -->
</testng-results>
